2025-12-11 17:57:55,478 - INFO - 
============================================================
2025-12-11 17:57:55,478 - INFO - VEHICLE COUNTER - RF-DETR INFERENCE ANALYSIS
2025-12-11 17:57:55,478 - INFO - ============================================================

2025-12-11 17:57:55,478 - ERROR - ❌ Detections file not found: predictions/detections.json
2025-12-11 17:58:50,954 - INFO - 
============================================================
2025-12-11 17:58:50,954 - INFO - VEHICLE COUNTER - RF-DETR INFERENCE ANALYSIS
2025-12-11 17:58:50,954 - INFO - ============================================================

2025-12-11 17:58:50,954 - INFO - ✓ Loaded detections from: predictions/detections.json
2025-12-11 17:58:50,954 - INFO - 
------------------------------------------------------------
2025-12-11 17:58:50,954 - INFO - PROCESSING DETECTIONS
2025-12-11 17:58:50,954 - INFO - ------------------------------------------------------------

2025-12-11 17:58:50,955 - INFO - Frame 0: CAR detected (confidence: 92.00%)
2025-12-11 17:58:50,955 - INFO - Frame 1: CAR detected (confidence: 88.00%)
2025-12-11 17:58:50,955 - INFO - Frame 3: CAR detected (confidence: 91.00%)
2025-12-11 17:58:50,955 - INFO - Frame 4: CAR detected (confidence: 89.00%)
2025-12-11 17:58:50,955 - INFO - Frame 5: TRUCK detected (confidence: 87.00%)
2025-12-11 17:58:50,955 - INFO - 
============================================================
2025-12-11 17:58:50,955 - INFO - VEHICLE COUNT SUMMARY
2025-12-11 17:58:50,955 - INFO - ============================================================

2025-12-11 17:58:50,955 - INFO - 📊 TOTAL VEHICLES DETECTED: 5
2025-12-11 17:58:50,955 - INFO - ⚡ EV VEHICLES DETECTED: 0
2025-12-11 17:58:50,955 - INFO - 📈 EV Penetration Rate: 0.0%
2025-12-11 17:58:50,955 - INFO - 
Vehicle Breakdown:
2025-12-11 17:58:50,955 - INFO -   • CAR: 4
2025-12-11 17:58:50,955 - INFO -   • TRUCK: 1
2025-12-11 17:58:50,955 - INFO - 
✓ Results saved to: predictions/vehicle_counts.json
2025-12-11 17:58:50,955 - INFO - 
============================================================
2025-12-11 17:58:50,955 - INFO - ✓ VEHICLE COUNTING COMPLETE
2025-12-11 17:58:50,955 - INFO - ============================================================

