2025-12-11 18:01:02,025 - INFO - 
============================================================
2025-12-11 18:01:02,025 - INFO - VIDEO VEHICLE COUNTER - RF-DETR INFERENCE
2025-12-11 18:01:02,025 - INFO - ============================================================

2025-12-11 18:01:02,025 - INFO - 📹 Opening video: data/videos/sample.mp4
2025-12-11 18:01:02,026 - INFO - ✓ FPS: 30.0
2025-12-11 18:01:02,026 - INFO - ✓ Total Frames: 150
2025-12-11 18:01:02,027 - INFO - ✓ Resolution: 640x480
2025-12-11 18:01:02,027 - INFO - 
Frame    Vehicles     EV Vehicles     Classes Detected              
2025-12-11 18:01:02,027 - INFO - -----------------------------------------------------------------
2025-12-11 18:01:02,060 - INFO - 0        1            0               car                           
2025-12-11 18:01:02,358 - INFO - 36       1            0               car                           
2025-12-11 18:01:02,367 - INFO - 48       1            0               car                           
2025-12-11 18:01:02,406 - INFO - 72       1            0               car                           
2025-12-11 18:01:02,423 - INFO - 108      1            0               car                           
2025-12-11 18:01:02,445 - INFO - 114      1            0               car                           
2025-12-11 18:01:02,471 - INFO - 138      1            0               car                           
2025-12-11 18:01:02,475 - INFO - 144      1            0               car                           
2025-12-11 18:01:02,481 - INFO - -----------------------------------------------------------------
2025-12-11 18:01:02,481 - INFO - 
============================================================
2025-12-11 18:01:02,481 - INFO - VIDEO ANALYSIS SUMMARY
2025-12-11 18:01:02,481 - INFO - ============================================================

2025-12-11 18:01:02,481 - INFO - 📊 TOTAL VEHICLES DETECTED: 8
2025-12-11 18:01:02,481 - INFO - ⚡ EV VEHICLES DETECTED: 0
2025-12-11 18:01:02,481 - INFO - 📈 Frames with vehicles: 8/150
2025-12-11 18:01:02,481 - INFO - 📊 EV Penetration Rate: 0.0%
2025-12-11 18:01:02,481 - INFO - 
Vehicle Breakdown by Class:
2025-12-11 18:01:02,481 - INFO -   • CAR: 8
2025-12-11 18:01:02,482 - INFO - 
✓ Results saved to: predictions/video_counts.json
2025-12-11 18:02:29,862 - INFO - 
============================================================
2025-12-11 18:02:29,862 - INFO - VIDEO VEHICLE COUNTER - RF-DETR INFERENCE
2025-12-11 18:02:29,862 - INFO - ============================================================

2025-12-11 18:02:29,862 - INFO - 📹 Opening video: data/videos/sample.mp4
2025-12-11 18:02:29,898 - INFO - ✓ FPS: 24.0
2025-12-11 18:02:29,899 - INFO - ✓ Total Frames: 192
2025-12-11 18:02:29,899 - INFO - ✓ Resolution: 1280x720
2025-12-11 18:02:29,899 - INFO - 
Frame    Vehicles     EV Vehicles     Classes Detected              
2025-12-11 18:02:29,899 - INFO - -----------------------------------------------------------------
2025-12-11 18:02:29,939 - INFO - 0        1            0               car                           
2025-12-11 18:02:29,943 - INFO - 4        1            0               car                           
2025-12-11 18:02:29,949 - INFO - 8        1            0               car                           
2025-12-11 18:02:29,967 - INFO - 20       1            0               car                           
2025-12-11 18:02:29,972 - INFO - 24       1            0               car                           
2025-12-11 18:02:30,000 - INFO - 48       1            0               car                           
2025-12-11 18:02:30,005 - INFO - 52       1            0               car                           
2025-12-11 18:02:30,050 - INFO - 84       1            0               car                           
2025-12-11 18:02:30,054 - INFO - 88       1            0               car                           
2025-12-11 18:02:30,061 - INFO - 92       1            0               car                           
2025-12-11 18:02:30,066 - INFO - 96       1            0               car                           
2025-12-11 18:02:30,072 - INFO - 100      1            0               car                           
2025-12-11 18:02:30,078 - INFO - 104      1            0               car                           
2025-12-11 18:02:30,086 - INFO - 108      1            0               car                           
2025-12-11 18:02:30,093 - INFO - 112      1            0               car                           
2025-12-11 18:02:30,109 - INFO - 124      1            0               car                           
2025-12-11 18:02:30,121 - INFO - 132      1            0               car                           
2025-12-11 18:02:30,130 - INFO - 140      1            0               car                           
2025-12-11 18:02:30,135 - INFO - 144      1            0               car                           
2025-12-11 18:02:30,139 - INFO - 148      1            0               car                           
2025-12-11 18:02:30,166 - INFO - 172      1            0               car                           
2025-12-11 18:02:30,186 - INFO - -----------------------------------------------------------------
2025-12-11 18:02:30,186 - INFO - 
============================================================
2025-12-11 18:02:30,186 - INFO - VIDEO ANALYSIS SUMMARY
2025-12-11 18:02:30,186 - INFO - ============================================================

2025-12-11 18:02:30,186 - INFO - 📊 TOTAL VEHICLES DETECTED: 21
2025-12-11 18:02:30,186 - INFO - ⚡ EV VEHICLES DETECTED: 0
2025-12-11 18:02:30,186 - INFO - 📈 Frames with vehicles: 21/192
2025-12-11 18:02:30,186 - INFO - 📊 EV Penetration Rate: 0.0%
2025-12-11 18:02:30,186 - INFO - 
Vehicle Breakdown by Class:
2025-12-11 18:02:30,186 - INFO -   • CAR: 21
2025-12-11 18:02:30,187 - INFO - 
✓ Results saved to: predictions/video_counts.json
